0 info it worked if it ends with ok
1 verbose cli [ '/usr/local/bin/node',
1 verbose cli   '/usr/local/bin/npm',
1 verbose cli   'install',
1 verbose cli   'polltool' ]
2 info using npm@1.3.24
3 info using node@v0.10.25
4 warn package.json mail@0.2.3 No repository field.
5 warn package.json util@0.10.3 util is also the name of a node core module.
6 verbose cache add [ 'polltool', null ]
7 verbose cache add name=undefined spec="polltool" args=["polltool",null]
8 verbose parsed url { protocol: null,
8 verbose parsed url   slashes: null,
8 verbose parsed url   auth: null,
8 verbose parsed url   host: null,
8 verbose parsed url   port: null,
8 verbose parsed url   hostname: null,
8 verbose parsed url   hash: null,
8 verbose parsed url   search: null,
8 verbose parsed url   query: null,
8 verbose parsed url   pathname: 'polltool',
8 verbose parsed url   path: 'polltool',
8 verbose parsed url   href: 'polltool' }
9 silly lockFile 9c87d955-polltool polltool
10 verbose lock polltool /home/vladimir/.npm/9c87d955-polltool.lock
11 silly lockFile 9c87d955-polltool polltool
12 silly lockFile 9c87d955-polltool polltool
13 verbose addNamed [ 'polltool', '' ]
14 verbose addNamed [ null, '*' ]
15 silly lockFile 4eec0fe2-polltool polltool@
16 verbose lock polltool@ /home/vladimir/.npm/4eec0fe2-polltool.lock
17 silly addNameRange { name: 'polltool', range: '*', hasData: false }
18 verbose url raw polltool
19 verbose url resolving [ 'https://registry.npmjs.org/', './polltool' ]
20 verbose url resolved https://registry.npmjs.org/polltool
21 info trying registry request attempt 1 at 13:29:28
22 http GET https://registry.npmjs.org/polltool
23 http 404 https://registry.npmjs.org/polltool
24 silly registry.get cb [ 404,
24 silly registry.get   { date: 'Mon, 14 Apr 2014 09:29:29 GMT',
24 silly registry.get     server: 'CouchDB/1.5.0 (Erlang OTP/R16B)',
24 silly registry.get     'content-type': 'application/json',
24 silly registry.get     via: '1.1 varnish',
24 silly registry.get     'cache-control': 'max-age=0',
24 silly registry.get     'content-length': '52',
24 silly registry.get     'accept-ranges': 'bytes',
24 silly registry.get     age: '0',
24 silly registry.get     'x-served-by': 'cache-v41-ASH, cache-fra1223-FRA',
24 silly registry.get     'x-cache': 'MISS, MISS',
24 silly registry.get     'x-cache-hits': '0, 0',
24 silly registry.get     'x-timer': 'S1397467768.874154329,VS0,VS48,VE186,VE238',
24 silly registry.get     'keep-alive': 'timeout=10, max=50',
24 silly registry.get     connection: 'Keep-Alive' } ]
25 silly lockFile 4eec0fe2-polltool polltool@
26 silly lockFile 4eec0fe2-polltool polltool@
27 error 404 'polltool' is not in the npm registry.
27 error 404 You should bug the author to publish it
27 error 404
27 error 404 Note that you can also install from a
27 error 404 tarball, folder, or http url, or git url.
28 error System Linux 3.8.0-37-generic
29 error command "/usr/local/bin/node" "/usr/local/bin/npm" "install" "polltool"
30 error cwd /home/vladimir/impress_server
31 error node -v v0.10.25
32 error npm -v 1.3.24
33 error code E404
34 verbose exit [ 1, true ]
