2014-03-30T22:09:11.808Z	Master(13356/C1N0)	Warning: module mongodb is not installed
2014-03-30T22:09:11.828Z	Master(13356/C1N0)	Warning: module memcached is not installed
2014-03-30T22:09:11.858Z	Master(13356/C1N0)	Warning: module mysql is not installed
2014-03-30T22:09:11.873Z	Master(13356/C1N0)	Warning: module mysql-utilities is not installed
2014-03-30T22:09:11.892Z	Master(13356/C1N0)	Warning: module nodemailer is not installed
2014-03-30T22:09:11.912Z	Master(13356/C1N0)	Warning: module geoip-lite is not installed
2014-03-30T22:09:11.935Z	Master(13356/C1N0)	Warning: module websocket is not installed
2014-03-30T22:15:25.215Z	Master(13567/C1N0)	ReferenceError: geoip is not defined; /example/app/examples/geoip.json/get.js:8:13; asyncCallback (dns.js:68:16); Object.onanswer [as oncomplete] (dns.js:119:9)
2014-03-30T22:45:55.000Z	Master(14072/C1N0)	Warning: module mongodb is not installed
2014-03-30T22:45:55.015Z	Master(14072/C1N0)	Warning: module memcached is not installed
2014-03-30T22:45:55.041Z	Master(14072/C1N0)	Warning: module mysql is not installed
2014-03-30T22:45:55.064Z	Master(14072/C1N0)	Warning: module mysql-utilities is not installed
2014-03-30T22:45:55.077Z	Master(14072/C1N0)	Warning: module nodemailer is not installed
2014-03-30T22:45:55.091Z	Master(14072/C1N0)	Warning: module geoip-lite is not installed
2014-03-30T22:45:55.110Z	Master(14072/C1N0)	Warning: module websocket is not installed
2014-03-30T22:47:04.962Z	Master(14072/C1N0)	Warning: module mongodb is not installed
2014-03-30T22:47:04.976Z	Master(14072/C1N0)	Warning: module memcached is not installed
2014-03-30T22:47:04.989Z	Master(14072/C1N0)	Warning: module mysql is not installed
2014-03-30T22:47:05.023Z	Master(14072/C1N0)	Warning: module mysql-utilities is not installed
2014-03-30T22:47:05.033Z	Master(14072/C1N0)	Warning: module nodemailer is not installed
2014-03-30T22:47:05.051Z	Master(14072/C1N0)	Warning: module geoip-lite is not installed
2014-03-30T22:47:05.072Z	Master(14072/C1N0)	Warning: module websocket is not installed
2014-03-30T22:47:15.892Z	Master(14072/C1N0)	Warning: module mongodb is not installed
2014-03-30T22:47:15.900Z	Master(14072/C1N0)	Warning: module memcached is not installed
2014-03-30T22:47:15.910Z	Master(14072/C1N0)	Warning: module mysql is not installed
2014-03-30T22:47:15.918Z	Master(14072/C1N0)	Warning: module mysql-utilities is not installed
2014-03-30T22:47:15.928Z	Master(14072/C1N0)	Warning: module nodemailer is not installed
2014-03-30T22:47:15.950Z	Master(14072/C1N0)	Warning: module geoip-lite is not installed
2014-03-30T22:47:16.000Z	Master(14072/C1N0)	Warning: module websocket is not installed
2014-03-30T22:47:36.430Z	Master(14072/C1N0)	Warning: module mongodb is not installed
2014-03-30T22:47:36.445Z	Master(14072/C1N0)	Warning: module memcached is not installed
2014-03-30T22:47:36.455Z	Master(14072/C1N0)	Warning: module mysql is not installed
2014-03-30T22:47:36.467Z	Master(14072/C1N0)	Warning: module mysql-utilities is not installed
2014-03-30T22:47:36.475Z	Master(14072/C1N0)	Warning: module nodemailer is not installed
2014-03-30T22:47:36.485Z	Master(14072/C1N0)	Warning: module geoip-lite is not installed
2014-03-30T22:47:36.496Z	Master(14072/C1N0)	Warning: module websocket is not installed
2014-03-30T23:25:55.428Z	Master(17546/C1N0)	Warning: module mongodb is not installed
2014-03-30T23:25:55.436Z	Master(17546/C1N0)	Warning: module memcached is not installed
2014-03-30T23:25:55.668Z	Master(17546/C1N0)	Warning: module nodemailer is not installed
2014-03-30T23:25:55.675Z	Master(17546/C1N0)	Warning: module geoip-lite is not installed
2014-03-30T23:25:55.682Z	Master(17546/C1N0)	Warning: module websocket is not installed
