2014-04-22T10:12:16.806Z	Master(14646/C1N0)	SHOW FULL COLUMNS FROM forums.Thread
2014-04-22T10:12:17.159Z	Master(14646/C1N0)	SELECT * FROM forums.Thread
2014-04-22T10:12:18.271Z	Master(14646/C1N0)	SHOW FULL COLUMNS FROM forums.Thread
2014-04-22T10:12:18.569Z	Master(14646/C1N0)	SELECT * FROM forums.Thread
2014-04-22T10:15:04.423Z	Master(14646/C1N0)	SHOW DATABASES
2014-04-22T10:15:05.851Z	Master(14646/C1N0)	SELECT TABLE_NAME, TABLE_TYPE, ENGINE, VERSION, ROW_FORMAT, TABLE_ROWS, AVG_ROW_LENGTH, DATA_LENGTH, MAX_DATA_LENGTH, INDEX_LENGTH, DATA_FREE, AUTO_INCREMENT, CREATE_TIME, UPDATE_TIME, CHECK_TIME, TABLE_COLLATION, CHECKSUM, CREATE_OPTIONS, TABLE_COMMENT FROM information_schema.TABLES WHERE TABLE_SCHEMA = 'forums'
2014-04-22T10:15:07.889Z	Master(14646/C1N0)	SHOW FULL COLUMNS FROM forums.Forum
2014-04-22T10:15:08.379Z	Master(14646/C1N0)	SELECT * FROM forums.Forum
2014-04-22T10:15:23.141Z	Master(14646/C1N0)	SHOW FULL COLUMNS FROM forums.User
2014-04-22T10:15:23.505Z	Master(14646/C1N0)	SELECT * FROM forums.User
2014-04-22T10:25:14.565Z	Master(14646/C1N0)	SHOW FULL COLUMNS FROM forums.Thread
2014-04-22T10:25:14.841Z	Master(14646/C1N0)	SELECT * FROM forums.Thread
2014-04-22T11:18:46.465Z	Master(15403/C1N0)	SHOW FULL COLUMNS FROM forums.Subscribe
2014-04-22T11:18:47.377Z	Master(15403/C1N0)	SELECT * FROM forums.Subscribe
2014-04-22T11:18:51.054Z	Master(15403/C1N0)	SHOW FULL COLUMNS FROM forums.Followers
2014-04-22T11:18:51.437Z	Master(15403/C1N0)	SELECT * FROM forums.Followers
2014-04-22T11:19:03.473Z	Master(15403/C1N0)	DELETE FROM forums.Followers WHERE follower_id='2'
2014-04-22T11:19:38.025Z	Master(15403/C1N0)	SHOW DATABASES
2014-04-22T11:19:40.191Z	Master(15403/C1N0)	SELECT TABLE_NAME, TABLE_TYPE, ENGINE, VERSION, ROW_FORMAT, TABLE_ROWS, AVG_ROW_LENGTH, DATA_LENGTH, MAX_DATA_LENGTH, INDEX_LENGTH, DATA_FREE, AUTO_INCREMENT, CREATE_TIME, UPDATE_TIME, CHECK_TIME, TABLE_COLLATION, CHECKSUM, CREATE_OPTIONS, TABLE_COMMENT FROM information_schema.TABLES WHERE TABLE_SCHEMA = 'forums'
2014-04-22T11:19:41.429Z	Master(15403/C1N0)	SHOW FULL COLUMNS FROM forums.Followers
2014-04-22T11:19:41.752Z	Master(15403/C1N0)	SELECT * FROM forums.Followers
2014-04-22T11:19:47.976Z	Master(15403/C1N0)	SELECT * FROM forums.Followers WHERE follower_id = '2'
2014-04-22T11:19:49.401Z	Master(15403/C1N0)	SELECT * FROM forums.Followers WHERE follower_id = '2'
2014-04-22T11:19:49.949Z	Master(15403/C1N0)	SELECT * FROM forums.Followers WHERE follower_id = '2' AND target_id = '1'
2014-04-22T11:19:54.261Z	Master(15403/C1N0)	SELECT * FROM forums.Followers WHERE follower_id = '2' AND target_id = '1'
2014-04-22T11:19:57.517Z	Master(15403/C1N0)	SHOW FULL COLUMNS FROM forums.Followers
2014-04-22T11:19:57.767Z	Master(15403/C1N0)	SELECT * FROM forums.Followers
2014-04-22T11:20:00.377Z	Master(15403/C1N0)	SHOW FULL COLUMNS FROM forums.Followers
2014-04-22T11:20:00.491Z	Master(15403/C1N0)	INSERT INTO forums.Followers (follower_id) VALUES ('2')
2014-04-22T11:20:00.711Z	Master(15403/C1N0)	SELECT * FROM forums.Followers
2014-04-22T11:20:02.281Z	Master(15403/C1N0)	SHOW FULL COLUMNS FROM forums.Followers
2014-04-22T11:20:02.696Z	Master(15403/C1N0)	SELECT * FROM forums.Followers
2014-04-22T11:20:04.460Z	Master(15403/C1N0)	SELECT * FROM forums.Followers WHERE follower_id = '2'
2014-04-22T11:20:05.212Z	Master(15403/C1N0)	SELECT * FROM forums.Followers WHERE follower_id = '2'
2014-04-22T11:20:05.821Z	Master(15403/C1N0)	SELECT * FROM forums.Followers WHERE follower_id = '2' AND target_id = '1'
2014-04-22T11:20:06.912Z	Master(15403/C1N0)	SELECT * FROM forums.Followers WHERE follower_id = '2' AND target_id = '1'
2014-04-22T11:20:09.380Z	Master(15403/C1N0)	SHOW FULL COLUMNS FROM forums.Followers
2014-04-22T11:20:09.449Z	Master(15403/C1N0)	INSERT INTO forums.Followers (follower_id) VALUES ('2')
2014-04-22T11:20:09.715Z	Master(15403/C1N0)	SELECT * FROM forums.Followers WHERE follower_id = '2' AND target_id = '1'
2014-04-22T11:20:14.173Z	Master(15403/C1N0)	SHOW FULL COLUMNS FROM forums.Followers
2014-04-22T11:20:14.323Z	Master(15403/C1N0)	INSERT INTO forums.Followers (follower_id) VALUES ('2')
2014-04-22T11:20:16.821Z	Master(15403/C1N0)	SHOW FULL COLUMNS FROM forums.Followers
2014-04-22T11:20:17.023Z	Master(15403/C1N0)	SELECT * FROM forums.Followers
2014-04-22T11:20:21.867Z	Master(15403/C1N0)	SELECT * FROM forums.Followers WHERE follower_id = '2'
2014-04-22T11:20:22.360Z	Master(15403/C1N0)	SELECT * FROM forums.Followers WHERE follower_id = '2'
2014-04-22T11:20:22.793Z	Master(15403/C1N0)	SELECT * FROM forums.Followers WHERE follower_id = '2' AND target_id = '1'
2014-04-22T11:20:23.822Z	Master(15403/C1N0)	SELECT * FROM forums.Followers WHERE follower_id = '2' AND target_id = '1'
2014-04-22T11:20:31.905Z	Master(15403/C1N0)	SHOW FULL COLUMNS FROM forums.Followers
2014-04-22T11:20:32.190Z	Master(15403/C1N0)	SELECT * FROM forums.Followers
2014-04-22T11:22:11.834Z	Master(15403/C1N0)	SHOW FULL COLUMNS FROM forums.Followers
2014-04-22T11:22:12.165Z	Master(15403/C1N0)	SELECT * FROM forums.Followers
2014-04-22T11:22:14.330Z	Master(15403/C1N0)	SHOW FULL COLUMNS FROM forums.Followers
2014-04-22T11:22:14.686Z	Master(15403/C1N0)	SELECT * FROM forums.Followers
2014-04-22T11:22:29.214Z	Master(15403/C1N0)	SHOW FULL COLUMNS FROM forums.User
2014-04-22T11:22:29.769Z	Master(15403/C1N0)	SELECT * FROM forums.User
2014-04-22T11:22:34.433Z	Master(15403/C1N0)	SHOW FULL COLUMNS FROM forums.Followers
2014-04-22T11:22:34.974Z	Master(15403/C1N0)	SELECT * FROM forums.Followers
2014-04-22T11:23:46.800Z	Master(15403/C1N0)	SHOW FULL COLUMNS FROM forums.Followers
2014-04-22T11:23:47.648Z	Master(15403/C1N0)	SELECT * FROM forums.Followers
2014-04-22T11:23:53.921Z	Master(15403/C1N0)	SHOW FULL COLUMNS FROM forums.User
2014-04-22T11:23:54.169Z	Master(15403/C1N0)	SELECT * FROM forums.User
2014-04-22T11:23:57.244Z	Master(15403/C1N0)	SHOW FULL COLUMNS FROM forums.Followers
2014-04-22T11:23:57.570Z	Master(15403/C1N0)	SELECT * FROM forums.Followers
2014-04-22T11:24:59.164Z	Master(15403/C1N0)	SHOW FULL COLUMNS FROM forums.User
2014-04-22T11:24:59.736Z	Master(15403/C1N0)	SELECT * FROM forums.User
2014-04-22T12:00:47.390Z	Master(15403/C1N0)	SHOW FULL COLUMNS FROM forums.Thread
2014-04-22T12:00:47.883Z	Master(15403/C1N0)	SELECT * FROM forums.Thread
2014-04-22T12:01:23.144Z	Master(15403/C1N0)	SHOW DATABASES
2014-04-22T12:01:24.393Z	Master(15403/C1N0)	SELECT TABLE_NAME, TABLE_TYPE, ENGINE, VERSION, ROW_FORMAT, TABLE_ROWS, AVG_ROW_LENGTH, DATA_LENGTH, MAX_DATA_LENGTH, INDEX_LENGTH, DATA_FREE, AUTO_INCREMENT, CREATE_TIME, UPDATE_TIME, CHECK_TIME, TABLE_COLLATION, CHECKSUM, CREATE_OPTIONS, TABLE_COMMENT FROM information_schema.TABLES WHERE TABLE_SCHEMA = 'forums'
2014-04-22T12:01:26.769Z	Master(15403/C1N0)	SHOW FULL COLUMNS FROM forums.Thread
2014-04-22T12:01:27.293Z	Master(15403/C1N0)	SELECT * FROM forums.Thread
2014-04-22T12:32:48.296Z	Master(15403/C1N0)	SHOW FULL COLUMNS FROM forums.Thread
2014-04-22T12:32:48.601Z	Master(15403/C1N0)	SELECT * FROM forums.Thread
2014-04-22T12:34:21.775Z	Master(15403/C1N0)	SHOW FULL COLUMNS FROM forums.Thread
2014-04-22T12:34:22.021Z	Master(15403/C1N0)	SELECT * FROM forums.Thread
2014-04-22T12:41:46.317Z	Master(15403/C1N0)	SHOW FULL COLUMNS FROM forums.Thread
2014-04-22T12:41:46.647Z	Master(15403/C1N0)	SELECT * FROM forums.Thread
2014-04-22T12:46:20.922Z	Master(15403/C1N0)	SHOW FULL COLUMNS FROM forums.Thread
2014-04-22T12:46:21.292Z	Master(15403/C1N0)	SELECT * FROM forums.Thread
2014-04-22T13:05:15.792Z	Master(15403/C1N0)	SHOW FULL COLUMNS FROM forums.Subscribe
2014-04-22T13:05:15.987Z	Master(15403/C1N0)	SELECT * FROM forums.Subscribe
2014-04-22T13:07:57.426Z	Master(15403/C1N0)	SHOW FULL COLUMNS FROM forums.Subscribe
2014-04-22T13:07:57.815Z	Master(15403/C1N0)	SELECT * FROM forums.Subscribe
2014-04-22T13:10:31.668Z	Master(15403/C1N0)	DELETE FROM forums.Subscribe WHERE user_id='2'
2014-04-22T13:15:42.145Z	Master(15403/C1N0)	SHOW FULL COLUMNS FROM forums.Subscribe
2014-04-22T13:15:42.650Z	Master(15403/C1N0)	SELECT * FROM forums.Subscribe
2014-04-22T13:18:18.357Z	Master(16031/C1N0)	SHOW FULL COLUMNS FROM forums.Subscribe
2014-04-22T13:18:18.749Z	Master(16031/C1N0)	SELECT * FROM forums.Subscribe
2014-04-22T13:18:27.253Z	Master(16031/C1N0)	SHOW FULL COLUMNS FROM forums.Subscribe
2014-04-22T13:18:27.661Z	Master(16031/C1N0)	SELECT * FROM forums.Subscribe
2014-04-22T14:18:47.350Z	Master(16031/C1N0)	SHOW FULL COLUMNS FROM forums.Subscribe
2014-04-22T14:18:48.075Z	Master(16031/C1N0)	SELECT * FROM forums.Subscribe
2014-04-22T14:19:18.111Z	Master(16031/C1N0)	SHOW FULL COLUMNS FROM forums.Subscribe
2014-04-22T14:19:18.556Z	Master(16031/C1N0)	SELECT * FROM forums.Subscribe
2014-04-22T14:43:20.258Z	Master(16429/C1N0)	SHOW FULL COLUMNS FROM forums.Thread
2014-04-22T14:43:20.639Z	Master(16429/C1N0)	SELECT * FROM forums.Thread
2014-04-22T15:26:53.587Z	Master(16429/C1N0)	SHOW FULL COLUMNS FROM forums.Post
2014-04-22T15:26:54.067Z	Master(16429/C1N0)	SELECT * FROM forums.Post
2014-04-22T23:00:10.212Z	Master(16429/C1N0)	SHOW FULL COLUMNS FROM forums.User
2014-04-22T23:00:10.512Z	Master(16429/C1N0)	SELECT * FROM forums.User
2014-04-22T23:00:23.937Z	Master(16429/C1N0)	SHOW FULL COLUMNS FROM forums.User
2014-04-22T23:00:24.820Z	Master(16429/C1N0)	SELECT * FROM forums.User
