2014-04-06T04:29:24.633Z	Master(9896/C1N0)	SHOW DATABASES
2014-04-06T04:29:26.230Z	Master(9896/C1N0)	SELECT TABLE_NAME, TABLE_TYPE, ENGINE, VERSION, ROW_FORMAT, TABLE_ROWS, AVG_ROW_LENGTH, DATA_LENGTH, MAX_DATA_LENGTH, INDEX_LENGTH, DATA_FREE, AUTO_INCREMENT, CREATE_TIME, UPDATE_TIME, CHECK_TIME, TABLE_COLLATION, CHECKSUM, CREATE_OPTIONS, TABLE_COMMENT FROM information_schema.TABLES WHERE TABLE_SCHEMA = 'forums'
2014-04-06T04:29:29.169Z	Master(9896/C1N0)	SHOW FULL COLUMNS FROM forums.Forum
2014-04-06T04:29:30.145Z	Master(9896/C1N0)	SELECT * FROM forums.Forum
2014-04-06T04:31:10.335Z	Master(9934/C1N0)	SHOW DATABASES
2014-04-06T04:31:11.971Z	Master(9934/C1N0)	SELECT TABLE_NAME, TABLE_TYPE, ENGINE, VERSION, ROW_FORMAT, TABLE_ROWS, AVG_ROW_LENGTH, DATA_LENGTH, MAX_DATA_LENGTH, INDEX_LENGTH, DATA_FREE, AUTO_INCREMENT, CREATE_TIME, UPDATE_TIME, CHECK_TIME, TABLE_COLLATION, CHECKSUM, CREATE_OPTIONS, TABLE_COMMENT FROM information_schema.TABLES WHERE TABLE_SCHEMA = 'forums'
2014-04-06T04:31:16.715Z	Master(9934/C1N0)	SHOW FULL COLUMNS FROM forums.Forum
2014-04-06T04:31:17.394Z	Master(9934/C1N0)	SELECT * FROM forums.Forum
2014-04-06T04:31:20.760Z	Master(9934/C1N0)	SHOW FULL COLUMNS FROM forums.User
2014-04-06T04:31:21.227Z	Master(9934/C1N0)	SELECT * FROM forums.User
2014-04-06T04:31:23.040Z	Master(9934/C1N0)	SELECT * FROM forums.User
2014-04-06T05:09:02.941Z	Master(10120/C1N0)	SHOW DATABASES
2014-04-06T05:09:04.229Z	Master(10120/C1N0)	SELECT TABLE_NAME, TABLE_TYPE, ENGINE, VERSION, ROW_FORMAT, TABLE_ROWS, AVG_ROW_LENGTH, DATA_LENGTH, MAX_DATA_LENGTH, INDEX_LENGTH, DATA_FREE, AUTO_INCREMENT, CREATE_TIME, UPDATE_TIME, CHECK_TIME, TABLE_COLLATION, CHECKSUM, CREATE_OPTIONS, TABLE_COMMENT FROM information_schema.TABLES WHERE TABLE_SCHEMA = 'forums'
2014-04-06T05:09:07.905Z	Master(10120/C1N0)	SHOW FULL COLUMNS FROM forums.User
2014-04-06T05:09:08.539Z	Master(10120/C1N0)	SELECT * FROM forums.User
2014-04-06T05:38:13.211Z	Master(10288/C1N0)	SHOW DATABASES
2014-04-06T05:38:14.954Z	Master(10288/C1N0)	SELECT TABLE_NAME, TABLE_TYPE, ENGINE, VERSION, ROW_FORMAT, TABLE_ROWS, AVG_ROW_LENGTH, DATA_LENGTH, MAX_DATA_LENGTH, INDEX_LENGTH, DATA_FREE, AUTO_INCREMENT, CREATE_TIME, UPDATE_TIME, CHECK_TIME, TABLE_COLLATION, CHECKSUM, CREATE_OPTIONS, TABLE_COMMENT FROM information_schema.TABLES WHERE TABLE_SCHEMA = 'forums'
2014-04-06T05:38:20.911Z	Master(10288/C1N0)	SHOW FULL COLUMNS FROM forums.User
2014-04-06T05:38:21.583Z	Master(10288/C1N0)	SELECT * FROM forums.User
2014-04-06T05:54:08.412Z	Master(10444/C1N0)	SHOW DATABASES
2014-04-06T05:54:09.737Z	Master(10444/C1N0)	SELECT TABLE_NAME, TABLE_TYPE, ENGINE, VERSION, ROW_FORMAT, TABLE_ROWS, AVG_ROW_LENGTH, DATA_LENGTH, MAX_DATA_LENGTH, INDEX_LENGTH, DATA_FREE, AUTO_INCREMENT, CREATE_TIME, UPDATE_TIME, CHECK_TIME, TABLE_COLLATION, CHECKSUM, CREATE_OPTIONS, TABLE_COMMENT FROM information_schema.TABLES WHERE TABLE_SCHEMA = 'forums'
2014-04-06T05:54:11.571Z	Master(10444/C1N0)	SHOW FULL COLUMNS FROM forums.User
2014-04-06T05:54:12.178Z	Master(10444/C1N0)	SELECT * FROM forums.User
2014-04-06T05:54:24.845Z	Master(10444/C1N0)	DELETE FROM forums.User WHERE id='18'
2014-04-06T05:54:54.300Z	Master(10444/C1N0)	DELETE FROM forums.User WHERE id='17'
2014-04-06T05:55:00.301Z	Master(10444/C1N0)	DELETE FROM forums.User WHERE id='14'
2014-04-06T05:55:03.469Z	Master(10444/C1N0)	DELETE FROM forums.User WHERE id='13'
2014-04-06T05:55:06.584Z	Master(10444/C1N0)	DELETE FROM forums.User WHERE id='12'
2014-04-06T05:55:10.108Z	Master(10444/C1N0)	DELETE FROM forums.User WHERE id='11'
2014-04-06T05:55:14.610Z	Master(10444/C1N0)	DELETE FROM forums.User WHERE id='10'
2014-04-06T05:55:18.144Z	Master(10444/C1N0)	DELETE FROM forums.User WHERE id='9'
2014-04-06T05:55:21.427Z	Master(10444/C1N0)	DELETE FROM forums.User WHERE id='8'
2014-04-06T05:55:25.053Z	Master(10444/C1N0)	DELETE FROM forums.User WHERE id='7'
2014-04-06T05:55:28.443Z	Master(10444/C1N0)	DELETE FROM forums.User WHERE id='5'
2014-04-06T05:55:32.167Z	Master(10444/C1N0)	DELETE FROM forums.User WHERE id='3'
2014-04-06T05:55:35.707Z	Master(10444/C1N0)	DELETE FROM forums.User WHERE id='1'
2014-04-06T06:00:41.519Z	Master(10444/C1N0)	SHOW DATABASES
2014-04-06T06:00:43.171Z	Master(10444/C1N0)	SELECT TABLE_NAME, TABLE_TYPE, ENGINE, VERSION, ROW_FORMAT, TABLE_ROWS, AVG_ROW_LENGTH, DATA_LENGTH, MAX_DATA_LENGTH, INDEX_LENGTH, DATA_FREE, AUTO_INCREMENT, CREATE_TIME, UPDATE_TIME, CHECK_TIME, TABLE_COLLATION, CHECKSUM, CREATE_OPTIONS, TABLE_COMMENT FROM information_schema.TABLES WHERE TABLE_SCHEMA = 'forums'
2014-04-06T06:00:45.853Z	Master(10444/C1N0)	SHOW FULL COLUMNS FROM forums.User
2014-04-06T06:00:46.443Z	Master(10444/C1N0)	SELECT * FROM forums.User
2014-04-06T08:20:20.972Z	Master(11102/C1N0)	SHOW DATABASES
2014-04-06T08:20:22.696Z	Master(11102/C1N0)	SELECT TABLE_NAME, TABLE_TYPE, ENGINE, VERSION, ROW_FORMAT, TABLE_ROWS, AVG_ROW_LENGTH, DATA_LENGTH, MAX_DATA_LENGTH, INDEX_LENGTH, DATA_FREE, AUTO_INCREMENT, CREATE_TIME, UPDATE_TIME, CHECK_TIME, TABLE_COLLATION, CHECKSUM, CREATE_OPTIONS, TABLE_COMMENT FROM information_schema.TABLES WHERE TABLE_SCHEMA = 'forums'
2014-04-06T08:20:24.320Z	Master(11102/C1N0)	SHOW FULL COLUMNS FROM forums.User
2014-04-06T08:20:24.948Z	Master(11102/C1N0)	SELECT * FROM forums.User
2014-04-06T08:20:33.908Z	Master(11102/C1N0)	DELETE FROM forums.User WHERE id='36'
2014-04-06T08:20:41.458Z	Master(11102/C1N0)	DELETE FROM forums.User WHERE id='19'
2014-04-06T08:20:44.494Z	Master(11102/C1N0)	DELETE FROM forums.User WHERE id='21'
2014-04-06T08:20:48.746Z	Master(11102/C1N0)	DELETE FROM forums.User WHERE id='22'
2014-04-06T08:20:52.421Z	Master(11102/C1N0)	DELETE FROM forums.User WHERE id='23'
2014-04-06T08:20:55.455Z	Master(11102/C1N0)	DELETE FROM forums.User WHERE id='27'
2014-04-06T08:20:58.278Z	Master(11102/C1N0)	DELETE FROM forums.User WHERE id='29'
2014-04-06T08:21:01.645Z	Master(11102/C1N0)	DELETE FROM forums.User WHERE id='31'
2014-04-06T08:21:04.267Z	Master(11102/C1N0)	DELETE FROM forums.User WHERE id='32'
2014-04-06T08:21:06.457Z	Master(11102/C1N0)	DELETE FROM forums.User WHERE id='33'
2014-04-06T08:21:08.900Z	Master(11102/C1N0)	DELETE FROM forums.User WHERE id='34'
2014-04-06T09:42:22.012Z	Master(11465/C1N0)	SHOW DATABASES
2014-04-06T09:42:23.331Z	Master(11465/C1N0)	SELECT TABLE_NAME, TABLE_TYPE, ENGINE, VERSION, ROW_FORMAT, TABLE_ROWS, AVG_ROW_LENGTH, DATA_LENGTH, MAX_DATA_LENGTH, INDEX_LENGTH, DATA_FREE, AUTO_INCREMENT, CREATE_TIME, UPDATE_TIME, CHECK_TIME, TABLE_COLLATION, CHECKSUM, CREATE_OPTIONS, TABLE_COMMENT FROM information_schema.TABLES WHERE TABLE_SCHEMA = 'forums'
2014-04-06T09:42:24.584Z	Master(11465/C1N0)	SHOW FULL COLUMNS FROM forums.Forum
2014-04-06T09:42:25.370Z	Master(11465/C1N0)	SELECT * FROM forums.Forum
2014-04-06T09:42:42.572Z	Master(11465/C1N0)	SHOW DATABASES
2014-04-06T09:42:43.728Z	Master(11465/C1N0)	SELECT TABLE_NAME, TABLE_TYPE, ENGINE, VERSION, ROW_FORMAT, TABLE_ROWS, AVG_ROW_LENGTH, DATA_LENGTH, MAX_DATA_LENGTH, INDEX_LENGTH, DATA_FREE, AUTO_INCREMENT, CREATE_TIME, UPDATE_TIME, CHECK_TIME, TABLE_COLLATION, CHECKSUM, CREATE_OPTIONS, TABLE_COMMENT FROM information_schema.TABLES WHERE TABLE_SCHEMA = 'forums'
2014-04-06T09:42:44.752Z	Master(11465/C1N0)	SHOW FULL COLUMNS FROM forums.Forum
2014-04-06T09:42:45.303Z	Master(11465/C1N0)	SELECT * FROM forums.Forum
2014-04-06T09:44:57.585Z	Master(11465/C1N0)	SHOW DATABASES
2014-04-06T09:44:58.718Z	Master(11465/C1N0)	SELECT TABLE_NAME, TABLE_TYPE, ENGINE, VERSION, ROW_FORMAT, TABLE_ROWS, AVG_ROW_LENGTH, DATA_LENGTH, MAX_DATA_LENGTH, INDEX_LENGTH, DATA_FREE, AUTO_INCREMENT, CREATE_TIME, UPDATE_TIME, CHECK_TIME, TABLE_COLLATION, CHECKSUM, CREATE_OPTIONS, TABLE_COMMENT FROM information_schema.TABLES WHERE TABLE_SCHEMA = 'forums'
2014-04-06T09:44:59.763Z	Master(11465/C1N0)	SHOW FULL COLUMNS FROM forums.Forum
2014-04-06T09:45:00.204Z	Master(11465/C1N0)	SELECT * FROM forums.Forum
2014-04-06T09:45:01.859Z	Master(11465/C1N0)	SELECT * FROM forums.Forum
2014-04-06T09:45:01.940Z	Master(11465/C1N0)	SELECT * FROM forums.Forum
2014-04-06T09:46:15.400Z	Master(11465/C1N0)	SHOW FULL COLUMNS FROM forums.User
2014-04-06T09:46:15.813Z	Master(11465/C1N0)	SELECT * FROM forums.User
2014-04-06T09:46:27.505Z	Master(11465/C1N0)	DELETE FROM forums.User WHERE id='38'
2014-04-06T10:02:44.424Z	Master(11605/C1N0)	SHOW DATABASES
2014-04-06T10:02:45.990Z	Master(11605/C1N0)	SELECT TABLE_NAME, TABLE_TYPE, ENGINE, VERSION, ROW_FORMAT, TABLE_ROWS, AVG_ROW_LENGTH, DATA_LENGTH, MAX_DATA_LENGTH, INDEX_LENGTH, DATA_FREE, AUTO_INCREMENT, CREATE_TIME, UPDATE_TIME, CHECK_TIME, TABLE_COLLATION, CHECKSUM, CREATE_OPTIONS, TABLE_COMMENT FROM information_schema.TABLES WHERE TABLE_SCHEMA = 'forums'
2014-04-06T10:02:47.916Z	Master(11605/C1N0)	SHOW FULL COLUMNS FROM forums.User
2014-04-06T10:02:48.467Z	Master(11605/C1N0)	SELECT * FROM forums.User
2014-04-06T10:03:09.319Z	Master(11605/C1N0)	SHOW FULL COLUMNS FROM forums.Forum
2014-04-06T10:03:09.798Z	Master(11605/C1N0)	SELECT * FROM forums.Forum
2014-04-06T10:19:54.598Z	Master(11605/C1N0)	SHOW DATABASES
2014-04-06T10:19:56.113Z	Master(11605/C1N0)	SELECT TABLE_NAME, TABLE_TYPE, ENGINE, VERSION, ROW_FORMAT, TABLE_ROWS, AVG_ROW_LENGTH, DATA_LENGTH, MAX_DATA_LENGTH, INDEX_LENGTH, DATA_FREE, AUTO_INCREMENT, CREATE_TIME, UPDATE_TIME, CHECK_TIME, TABLE_COLLATION, CHECKSUM, CREATE_OPTIONS, TABLE_COMMENT FROM information_schema.TABLES WHERE TABLE_SCHEMA = 'forums'
2014-04-06T10:19:57.892Z	Master(11605/C1N0)	SHOW FULL COLUMNS FROM forums.Forum
2014-04-06T10:19:58.426Z	Master(11605/C1N0)	SELECT * FROM forums.Forum
2014-04-06T11:03:35.497Z	Master(11605/C1N0)	SHOW DATABASES
2014-04-06T11:03:36.585Z	Master(11605/C1N0)	SELECT TABLE_NAME, TABLE_TYPE, ENGINE, VERSION, ROW_FORMAT, TABLE_ROWS, AVG_ROW_LENGTH, DATA_LENGTH, MAX_DATA_LENGTH, INDEX_LENGTH, DATA_FREE, AUTO_INCREMENT, CREATE_TIME, UPDATE_TIME, CHECK_TIME, TABLE_COLLATION, CHECKSUM, CREATE_OPTIONS, TABLE_COMMENT FROM information_schema.TABLES WHERE TABLE_SCHEMA = 'forums'
2014-04-06T11:03:38.602Z	Master(11605/C1N0)	SHOW FULL COLUMNS FROM forums.User
2014-04-06T11:03:39.120Z	Master(11605/C1N0)	SELECT * FROM forums.User
2014-04-06T13:17:51.758Z	Master(11605/C1N0)	SHOW DATABASES
2014-04-06T13:17:52.993Z	Master(11605/C1N0)	SELECT TABLE_NAME, TABLE_TYPE, ENGINE, VERSION, ROW_FORMAT, TABLE_ROWS, AVG_ROW_LENGTH, DATA_LENGTH, MAX_DATA_LENGTH, INDEX_LENGTH, DATA_FREE, AUTO_INCREMENT, CREATE_TIME, UPDATE_TIME, CHECK_TIME, TABLE_COLLATION, CHECKSUM, CREATE_OPTIONS, TABLE_COMMENT FROM information_schema.TABLES WHERE TABLE_SCHEMA = 'forums'
2014-04-06T13:17:54.179Z	Master(11605/C1N0)	SHOW FULL COLUMNS FROM forums.Forum
2014-04-06T13:17:54.766Z	Master(11605/C1N0)	SELECT * FROM forums.Forum
2014-04-06T13:17:59.534Z	Master(11605/C1N0)	SHOW FULL COLUMNS FROM forums.User
2014-04-06T13:17:59.961Z	Master(11605/C1N0)	SELECT * FROM forums.User
2014-04-06T13:18:03.498Z	Master(11605/C1N0)	SHOW FULL COLUMNS FROM forums.Forum
2014-04-06T13:18:03.864Z	Master(11605/C1N0)	SELECT * FROM forums.Forum
2014-04-06T17:30:11.737Z	Master(13351/C1N0)	SHOW DATABASES
2014-04-06T17:30:13.281Z	Master(13351/C1N0)	SELECT TABLE_NAME, TABLE_TYPE, ENGINE, VERSION, ROW_FORMAT, TABLE_ROWS, AVG_ROW_LENGTH, DATA_LENGTH, MAX_DATA_LENGTH, INDEX_LENGTH, DATA_FREE, AUTO_INCREMENT, CREATE_TIME, UPDATE_TIME, CHECK_TIME, TABLE_COLLATION, CHECKSUM, CREATE_OPTIONS, TABLE_COMMENT FROM information_schema.TABLES WHERE TABLE_SCHEMA = 'forums'
2014-04-06T17:30:14.886Z	Master(13351/C1N0)	SHOW FULL COLUMNS FROM forums.Followers
2014-04-06T17:30:15.470Z	Master(13351/C1N0)	SELECT * FROM forums.Followers
2014-04-06T18:12:58.505Z	Master(13351/C1N0)	SHOW FULL COLUMNS FROM forums.User
2014-04-06T18:12:58.816Z	Master(13351/C1N0)	SELECT * FROM forums.User
2014-04-06T18:14:20.977Z	Master(13351/C1N0)	SHOW DATABASES
2014-04-06T18:14:22.566Z	Master(13351/C1N0)	SELECT TABLE_NAME, TABLE_TYPE, ENGINE, VERSION, ROW_FORMAT, TABLE_ROWS, AVG_ROW_LENGTH, DATA_LENGTH, MAX_DATA_LENGTH, INDEX_LENGTH, DATA_FREE, AUTO_INCREMENT, CREATE_TIME, UPDATE_TIME, CHECK_TIME, TABLE_COLLATION, CHECKSUM, CREATE_OPTIONS, TABLE_COMMENT FROM information_schema.TABLES WHERE TABLE_SCHEMA = 'forums'
2014-04-06T18:14:25.039Z	Master(13351/C1N0)	SHOW FULL COLUMNS FROM forums.User
2014-04-06T18:14:25.580Z	Master(13351/C1N0)	SELECT * FROM forums.User
2014-04-06T18:15:25.249Z	Master(13351/C1N0)	SHOW FULL COLUMNS FROM forums.Subscribe
2014-04-06T18:15:25.621Z	Master(13351/C1N0)	SELECT * FROM forums.Subscribe
2014-04-06T18:52:52.872Z	Master(13677/C1N0)	SHOW FULL COLUMNS FROM forums.Followers
2014-04-06T18:52:53.146Z	Master(13677/C1N0)	SELECT * FROM forums.Followers
