2014-04-02T02:16:30.631Z	Master(5733/C1N0)	SHOW DATABASES
2014-04-02T02:16:39.810Z	Master(5733/C1N0)	SELECT TABLE_NAME, TABLE_TYPE, ENGINE, VERSION, ROW_FORMAT, TABLE_ROWS, AVG_ROW_LENGTH, DATA_LENGTH, MAX_DATA_LENGTH, INDEX_LENGTH, DATA_FREE, AUTO_INCREMENT, CREATE_TIME, UPDATE_TIME, CHECK_TIME, TABLE_COLLATION, CHECKSUM, CREATE_OPTIONS, TABLE_COMMENT FROM information_schema.TABLES WHERE TABLE_SCHEMA = 'information_schema'
2014-04-02T02:16:45.460Z	Master(5733/C1N0)	SELECT TABLE_NAME, TABLE_TYPE, ENGINE, VERSION, ROW_FORMAT, TABLE_ROWS, AVG_ROW_LENGTH, DATA_LENGTH, MAX_DATA_LENGTH, INDEX_LENGTH, DATA_FREE, AUTO_INCREMENT, CREATE_TIME, UPDATE_TIME, CHECK_TIME, TABLE_COLLATION, CHECKSUM, CREATE_OPTIONS, TABLE_COMMENT FROM information_schema.TABLES WHERE TABLE_SCHEMA = 'forums'
2014-04-02T02:30:47.612Z	Master(5733/C1N0)	SHOW DATABASES
2014-04-02T02:30:50.847Z	Master(5733/C1N0)	SELECT TABLE_NAME, TABLE_TYPE, ENGINE, VERSION, ROW_FORMAT, TABLE_ROWS, AVG_ROW_LENGTH, DATA_LENGTH, MAX_DATA_LENGTH, INDEX_LENGTH, DATA_FREE, AUTO_INCREMENT, CREATE_TIME, UPDATE_TIME, CHECK_TIME, TABLE_COLLATION, CHECKSUM, CREATE_OPTIONS, TABLE_COMMENT FROM information_schema.TABLES WHERE TABLE_SCHEMA = 'forums'
2014-04-02T13:59:14.683Z	Master(5733/C1N0)	SHOW DATABASES
2014-04-02T16:50:04.424Z	Master(17349/C1N0)	SHOW DATABASES
2014-04-02T16:50:05.778Z	Master(17349/C1N0)	SELECT TABLE_NAME, TABLE_TYPE, ENGINE, VERSION, ROW_FORMAT, TABLE_ROWS, AVG_ROW_LENGTH, DATA_LENGTH, MAX_DATA_LENGTH, INDEX_LENGTH, DATA_FREE, AUTO_INCREMENT, CREATE_TIME, UPDATE_TIME, CHECK_TIME, TABLE_COLLATION, CHECKSUM, CREATE_OPTIONS, TABLE_COMMENT FROM information_schema.TABLES WHERE TABLE_SCHEMA = 'forums'
2014-04-02T16:50:07.435Z	Master(17349/C1N0)	SELECT TABLE_NAME, TABLE_TYPE, ENGINE, VERSION, ROW_FORMAT, TABLE_ROWS, AVG_ROW_LENGTH, DATA_LENGTH, MAX_DATA_LENGTH, INDEX_LENGTH, DATA_FREE, AUTO_INCREMENT, CREATE_TIME, UPDATE_TIME, CHECK_TIME, TABLE_COLLATION, CHECKSUM, CREATE_OPTIONS, TABLE_COMMENT FROM information_schema.TABLES WHERE TABLE_SCHEMA = 'information_schema'
2014-04-02T17:03:06.843Z	Master(17349/C1N0)	SHOW DATABASES
2014-04-02T17:03:08.907Z	Master(17349/C1N0)	SELECT TABLE_NAME, TABLE_TYPE, ENGINE, VERSION, ROW_FORMAT, TABLE_ROWS, AVG_ROW_LENGTH, DATA_LENGTH, MAX_DATA_LENGTH, INDEX_LENGTH, DATA_FREE, AUTO_INCREMENT, CREATE_TIME, UPDATE_TIME, CHECK_TIME, TABLE_COLLATION, CHECKSUM, CREATE_OPTIONS, TABLE_COMMENT FROM information_schema.TABLES WHERE TABLE_SCHEMA = 'information_schema'
2014-04-02T17:03:10.745Z	Master(17349/C1N0)	SHOW FULL COLUMNS FROM information_schema.COLUMN_PRIVILEGES
2014-04-02T17:03:11.471Z	Master(17349/C1N0)	SELECT * FROM information_schema.COLUMN_PRIVILEGES
2014-04-02T19:24:14.370Z	Master(17349/C1N0)	SELECT TABLE_NAME, TABLE_TYPE, ENGINE, VERSION, ROW_FORMAT, TABLE_ROWS, AVG_ROW_LENGTH, DATA_LENGTH, MAX_DATA_LENGTH, INDEX_LENGTH, DATA_FREE, AUTO_INCREMENT, CREATE_TIME, UPDATE_TIME, CHECK_TIME, TABLE_COLLATION, CHECKSUM, CREATE_OPTIONS, TABLE_COMMENT FROM information_schema.TABLES WHERE TABLE_SCHEMA = 'forums'
2014-04-02T19:24:21.417Z	Master(17349/C1N0)	SHOW FULL COLUMNS FROM information_schema.CHARACTER_SETS
2014-04-02T19:24:21.858Z	Master(17349/C1N0)	SELECT * FROM information_schema.CHARACTER_SETS
2014-04-02T19:25:34.056Z	Master(17349/C1N0)	SELECT DESCRIPTION FROM CHARACTER_SETS;
2014-04-02T19:25:42.349Z	Master(17349/C1N0)	SELECT DESCRIPTION FROM CHARACTER_SETS;
2014-04-02T19:26:18.861Z	Master(17349/C1N0)	USE information_schema;
2014-04-02T19:27:00.675Z	Master(17349/C1N0)	SHOW databases;
2014-04-02T19:28:05.468Z	Master(17349/C1N0)	SHOW databases;
2014-04-02T19:32:10.100Z	Master(17349/C1N0)	SHOW FULL COLUMNS FROM information_schema.COLLATIONS
2014-04-02T19:32:10.828Z	Master(17349/C1N0)	SELECT * FROM information_schema.COLLATIONS
2014-04-02T20:31:58.356Z	Master(17349/C1N0)	SHOW DATABASES
2014-04-02T20:31:59.879Z	Master(17349/C1N0)	SELECT TABLE_NAME, TABLE_TYPE, ENGINE, VERSION, ROW_FORMAT, TABLE_ROWS, AVG_ROW_LENGTH, DATA_LENGTH, MAX_DATA_LENGTH, INDEX_LENGTH, DATA_FREE, AUTO_INCREMENT, CREATE_TIME, UPDATE_TIME, CHECK_TIME, TABLE_COLLATION, CHECKSUM, CREATE_OPTIONS, TABLE_COMMENT FROM information_schema.TABLES WHERE TABLE_SCHEMA = 'forums'
2014-04-02T20:32:01.350Z	Master(17349/C1N0)	SHOW FULL COLUMNS FROM forums.Forum
2014-04-02T20:32:01.914Z	Master(17349/C1N0)	SELECT * FROM forums.Forum
2014-04-02T20:32:08.411Z	Master(17349/C1N0)	SELECT * FROM forums.Forum
2014-04-02T22:05:00.181Z	Master(18965/C1N0)	SHOW DATABASES
2014-04-02T22:05:02.014Z	Master(18965/C1N0)	SELECT TABLE_NAME, TABLE_TYPE, ENGINE, VERSION, ROW_FORMAT, TABLE_ROWS, AVG_ROW_LENGTH, DATA_LENGTH, MAX_DATA_LENGTH, INDEX_LENGTH, DATA_FREE, AUTO_INCREMENT, CREATE_TIME, UPDATE_TIME, CHECK_TIME, TABLE_COLLATION, CHECKSUM, CREATE_OPTIONS, TABLE_COMMENT FROM information_schema.TABLES WHERE TABLE_SCHEMA = 'forums'
2014-04-02T22:05:46.283Z	Master(18965/C1N0)	SHOW DATABASES
2014-04-02T22:05:47.582Z	Master(18965/C1N0)	SELECT TABLE_NAME, TABLE_TYPE, ENGINE, VERSION, ROW_FORMAT, TABLE_ROWS, AVG_ROW_LENGTH, DATA_LENGTH, MAX_DATA_LENGTH, INDEX_LENGTH, DATA_FREE, AUTO_INCREMENT, CREATE_TIME, UPDATE_TIME, CHECK_TIME, TABLE_COLLATION, CHECKSUM, CREATE_OPTIONS, TABLE_COMMENT FROM information_schema.TABLES WHERE TABLE_SCHEMA = 'forums'
2014-04-02T22:05:49.145Z	Master(18965/C1N0)	SHOW FULL COLUMNS FROM forums.Forum
2014-04-02T22:05:49.836Z	Master(18965/C1N0)	SELECT * FROM forums.Forum
