2014-04-13T14:08:29.362Z	Master(4930/C1N0)	SHOW DATABASES
2014-04-13T14:08:30.686Z	Master(4930/C1N0)	SELECT TABLE_NAME, TABLE_TYPE, ENGINE, VERSION, ROW_FORMAT, TABLE_ROWS, AVG_ROW_LENGTH, DATA_LENGTH, MAX_DATA_LENGTH, INDEX_LENGTH, DATA_FREE, AUTO_INCREMENT, CREATE_TIME, UPDATE_TIME, CHECK_TIME, TABLE_COLLATION, CHECKSUM, CREATE_OPTIONS, TABLE_COMMENT FROM information_schema.TABLES WHERE TABLE_SCHEMA = 'forums'
2014-04-13T14:08:32.347Z	Master(4930/C1N0)	SHOW FULL COLUMNS FROM forums.Post
2014-04-13T14:08:33.799Z	Master(4930/C1N0)	SELECT * FROM forums.Post
2014-04-13T14:16:36.956Z	Master(5002/C1N0)	SHOW FULL COLUMNS FROM forums.Thread
2014-04-13T14:16:37.941Z	Master(5002/C1N0)	SELECT * FROM forums.Thread
2014-04-13T14:27:07.502Z	Master(5002/C1N0)	SHOW FULL COLUMNS FROM forums.Postrating
2014-04-13T14:27:08.143Z	Master(5002/C1N0)	SELECT * FROM forums.Postrating
2014-04-13T14:27:12.008Z	Master(5002/C1N0)	SHOW FULL COLUMNS FROM forums.Post
2014-04-13T14:27:12.862Z	Master(5002/C1N0)	SELECT * FROM forums.Post
2014-04-13T14:27:14.051Z	Master(5002/C1N0)	SHOW FULL COLUMNS FROM forums.Postrating
2014-04-13T14:27:15.088Z	Master(5002/C1N0)	SELECT * FROM forums.Postrating
2014-04-13T14:27:17.086Z	Master(5002/C1N0)	SELECT * FROM forums.Postrating WHERE id = '10'
2014-04-13T14:27:17.143Z	Master(5002/C1N0)	SELECT * FROM forums.Postrating WHERE id = '10'
2014-04-13T14:27:18.070Z	Master(5002/C1N0)	SELECT * FROM forums.Postrating WHERE id = '10'
2014-04-13T14:27:18.505Z	Master(5002/C1N0)	SELECT * FROM forums.Postrating WHERE id = '10' AND likes = '1'
2014-04-13T14:27:19.678Z	Master(5002/C1N0)	SELECT * FROM forums.Postrating WHERE id = '10' AND likes = '1'
2014-04-13T14:27:21.345Z	Master(5002/C1N0)	SELECT * FROM forums.Postrating WHERE id = '10' AND likes = '1' AND dislikes = '1'
2014-04-13T14:27:26.124Z	Master(5002/C1N0)	SELECT * FROM forums.Postrating WHERE id = '10' AND likes = '1' AND dislikes = '1'
2014-04-13T14:27:27.712Z	Master(5002/C1N0)	SELECT * FROM forums.Postrating WHERE id = '10' AND likes = '1' AND dislikes = '1' AND points = '0'
2014-04-13T14:27:28.766Z	Master(5002/C1N0)	SELECT * FROM forums.Postrating WHERE id = '10' AND likes = '1' AND dislikes = '1' AND points = '0'
2014-04-13T14:27:37.616Z	Master(5002/C1N0)	SHOW DATABASES
2014-04-13T14:27:38.919Z	Master(5002/C1N0)	SELECT TABLE_NAME, TABLE_TYPE, ENGINE, VERSION, ROW_FORMAT, TABLE_ROWS, AVG_ROW_LENGTH, DATA_LENGTH, MAX_DATA_LENGTH, INDEX_LENGTH, DATA_FREE, AUTO_INCREMENT, CREATE_TIME, UPDATE_TIME, CHECK_TIME, TABLE_COLLATION, CHECKSUM, CREATE_OPTIONS, TABLE_COMMENT FROM information_schema.TABLES WHERE TABLE_SCHEMA = 'forums'
2014-04-13T14:27:40.803Z	Master(5002/C1N0)	SHOW FULL COLUMNS FROM forums.Postrating
2014-04-13T14:27:41.868Z	Master(5002/C1N0)	SELECT * FROM forums.Postrating
2014-04-13T14:28:06.903Z	Master(5002/C1N0)	SELECT * FROM forums.Postrating WHERE id = '1'
2014-04-13T14:28:08.109Z	Master(5002/C1N0)	SELECT * FROM forums.Postrating WHERE id = '10'
2014-04-13T14:28:10.329Z	Master(5002/C1N0)	SELECT * FROM forums.Postrating WHERE id = '10'
2014-04-13T14:28:11.446Z	Master(5002/C1N0)	SELECT * FROM forums.Postrating WHERE id = '10' AND likes = '1'
2014-04-13T14:28:12.018Z	Master(5002/C1N0)	SELECT * FROM forums.Postrating WHERE id = '10' AND likes = '1'
2014-04-13T14:28:12.393Z	Master(5002/C1N0)	SELECT * FROM forums.Postrating WHERE id = '10' AND likes = '1' AND dislikes = '1'
2014-04-13T14:28:12.954Z	Master(5002/C1N0)	SELECT * FROM forums.Postrating WHERE id = '10' AND likes = '1' AND dislikes = '1'
2014-04-13T14:28:13.817Z	Master(5002/C1N0)	SELECT * FROM forums.Postrating WHERE id = '10' AND likes = '1' AND dislikes = '1' AND points = '0'
2014-04-13T14:28:15.072Z	Master(5002/C1N0)	SELECT * FROM forums.Postrating WHERE id = '10' AND likes = '1' AND dislikes = '1' AND points = '0'
2014-04-13T14:28:24.886Z	Master(5002/C1N0)	SHOW FULL COLUMNS FROM forums.Postrating
2014-04-13T14:28:24.982Z	Master(5002/C1N0)	INSERT INTO forums.Postrating (id) VALUES ('11')
2014-04-13T14:28:25.083Z	Master(5002/C1N0)	SELECT * FROM forums.Postrating WHERE id = '10' AND likes = '1' AND dislikes = '1' AND points = '0'
2014-04-13T14:28:27.747Z	Master(5002/C1N0)	SHOW FULL COLUMNS FROM forums.Postrating
2014-04-13T14:28:27.828Z	Master(5002/C1N0)	INSERT INTO forums.Postrating (id) VALUES ('11')
2014-04-13T14:28:33.617Z	Master(5002/C1N0)	SHOW FULL COLUMNS FROM forums.Postrating
2014-04-13T14:28:33.670Z	Master(5002/C1N0)	INSERT INTO forums.Postrating (id) VALUES ('11')
2014-04-13T14:28:35.835Z	Master(5002/C1N0)	SHOW FULL COLUMNS FROM forums.Postrating
2014-04-13T14:28:35.932Z	Master(5002/C1N0)	INSERT INTO forums.Postrating (dislikes) VALUES ('1')
2014-04-13T14:28:55.448Z	Master(5002/C1N0)	SHOW FULL COLUMNS FROM forums.Postrating
2014-04-13T14:28:55.559Z	Master(5002/C1N0)	INSERT INTO forums.Postrating (points) VALUES ('0')
2014-04-13T14:28:58.104Z	Master(5002/C1N0)	SHOW FULL COLUMNS FROM forums.Postrating
2014-04-13T14:28:58.138Z	Master(5002/C1N0)	INSERT INTO forums.Postrating (dislikes) VALUES ('1')
2014-04-13T14:29:00.168Z	Master(5002/C1N0)	SHOW FULL COLUMNS FROM forums.Postrating
2014-04-13T14:29:00.214Z	Master(5002/C1N0)	INSERT INTO forums.Postrating (likes) VALUES ('1')
2014-04-13T14:29:05.970Z	Master(5002/C1N0)	SHOW FULL COLUMNS FROM forums.Postrating
2014-04-13T14:29:06.055Z	Master(5002/C1N0)	INSERT INTO forums.Postrating (id) VALUES ('11')
2014-04-13T14:29:16.146Z	Master(5002/C1N0)	SHOW DATABASES
2014-04-13T14:29:17.553Z	Master(5002/C1N0)	SELECT TABLE_NAME, TABLE_TYPE, ENGINE, VERSION, ROW_FORMAT, TABLE_ROWS, AVG_ROW_LENGTH, DATA_LENGTH, MAX_DATA_LENGTH, INDEX_LENGTH, DATA_FREE, AUTO_INCREMENT, CREATE_TIME, UPDATE_TIME, CHECK_TIME, TABLE_COLLATION, CHECKSUM, CREATE_OPTIONS, TABLE_COMMENT FROM information_schema.TABLES WHERE TABLE_SCHEMA = 'forums'
2014-04-13T14:29:19.079Z	Master(5002/C1N0)	SHOW FULL COLUMNS FROM forums.Postrating
2014-04-13T14:29:19.931Z	Master(5002/C1N0)	SELECT * FROM forums.Postrating
2014-04-13T14:29:30.571Z	Master(5002/C1N0)	SHOW FULL COLUMNS FROM forums.Post
2014-04-13T14:29:31.414Z	Master(5002/C1N0)	SELECT * FROM forums.Post
2014-04-13T15:08:19.558Z	Master(5129/C1N0)	SHOW DATABASES
2014-04-13T15:08:20.886Z	Master(5129/C1N0)	SELECT TABLE_NAME, TABLE_TYPE, ENGINE, VERSION, ROW_FORMAT, TABLE_ROWS, AVG_ROW_LENGTH, DATA_LENGTH, MAX_DATA_LENGTH, INDEX_LENGTH, DATA_FREE, AUTO_INCREMENT, CREATE_TIME, UPDATE_TIME, CHECK_TIME, TABLE_COLLATION, CHECKSUM, CREATE_OPTIONS, TABLE_COMMENT FROM information_schema.TABLES WHERE TABLE_SCHEMA = 'forums'
2014-04-13T15:08:27.926Z	Master(5129/C1N0)	SHOW FULL COLUMNS FROM forums.User
2014-04-13T15:08:28.922Z	Master(5129/C1N0)	SELECT * FROM forums.User
2014-04-13T15:08:35.916Z	Master(5129/C1N0)	SHOW FULL COLUMNS FROM forums.Thread
2014-04-13T15:08:36.655Z	Master(5129/C1N0)	SELECT * FROM forums.Thread
2014-04-13T15:08:38.974Z	Master(5129/C1N0)	SHOW FULL COLUMNS FROM forums.Subscribe
2014-04-13T15:08:39.596Z	Master(5129/C1N0)	SELECT * FROM forums.Subscribe
2014-04-13T15:08:49.912Z	Master(5129/C1N0)	SHOW FULL COLUMNS FROM forums.Subscribe
2014-04-13T15:08:49.998Z	Master(5129/C1N0)	INSERT INTO forums.Subscribe (user_id) VALUES ('40')
2014-04-13T15:08:50.104Z	Master(5129/C1N0)	SELECT * FROM forums.Subscribe
2014-04-13T15:08:55.061Z	Master(5129/C1N0)	SHOW FULL COLUMNS FROM forums.Subscribe
2014-04-13T15:08:55.136Z	Master(5129/C1N0)	INSERT INTO forums.Subscribe (thread_id) VALUES ('3')
2014-04-13T15:09:02.965Z	Master(5129/C1N0)	SHOW DATABASES
2014-04-13T15:09:04.407Z	Master(5129/C1N0)	SELECT TABLE_NAME, TABLE_TYPE, ENGINE, VERSION, ROW_FORMAT, TABLE_ROWS, AVG_ROW_LENGTH, DATA_LENGTH, MAX_DATA_LENGTH, INDEX_LENGTH, DATA_FREE, AUTO_INCREMENT, CREATE_TIME, UPDATE_TIME, CHECK_TIME, TABLE_COLLATION, CHECKSUM, CREATE_OPTIONS, TABLE_COMMENT FROM information_schema.TABLES WHERE TABLE_SCHEMA = 'forums'
2014-04-13T15:09:06.410Z	Master(5129/C1N0)	SHOW FULL COLUMNS FROM forums.Subscribe
2014-04-13T15:09:07.170Z	Master(5129/C1N0)	SELECT * FROM forums.Subscribe
2014-04-13T15:09:11.442Z	Master(5129/C1N0)	SELECT * FROM forums.Subscribe WHERE user_id = '40'
2014-04-13T15:09:12.569Z	Master(5129/C1N0)	SELECT * FROM forums.Subscribe WHERE user_id = '40'
2014-04-13T15:09:14.730Z	Master(5129/C1N0)	SELECT * FROM forums.Subscribe WHERE user_id = '40' AND thread_id = '3'
2014-04-13T15:09:18.568Z	Master(5129/C1N0)	SELECT * FROM forums.Subscribe WHERE user_id = '40' AND thread_id = '3'
2014-04-13T15:09:24.643Z	Master(5129/C1N0)	SHOW FULL COLUMNS FROM forums.Subscribe
2014-04-13T15:09:24.721Z	Master(5129/C1N0)	INSERT INTO forums.Subscribe (user_id) VALUES ('40')
2014-04-13T15:09:24.829Z	Master(5129/C1N0)	SELECT * FROM forums.Subscribe WHERE user_id = '40' AND thread_id = '3'
2014-04-13T15:09:29.439Z	Master(5129/C1N0)	SHOW FULL COLUMNS FROM forums.Subscribe
2014-04-13T15:09:29.537Z	Master(5129/C1N0)	INSERT INTO forums.Subscribe (thread_id) VALUES ('3')
2014-04-13T15:09:37.047Z	Master(5129/C1N0)	SHOW FULL COLUMNS FROM forums.Subscribe
2014-04-13T15:09:37.119Z	Master(5129/C1N0)	INSERT INTO forums.Subscribe (user_id) VALUES ('40')
2014-04-13T15:09:43.673Z	Master(5129/C1N0)	SHOW FULL COLUMNS FROM forums.Subscribe
2014-04-13T15:09:43.714Z	Master(5129/C1N0)	INSERT INTO forums.Subscribe (thread_id) VALUES ('3')
2014-04-13T15:09:51.323Z	Master(5129/C1N0)	SHOW FULL COLUMNS FROM forums.Subscribe
2014-04-13T15:09:51.414Z	Master(5129/C1N0)	INSERT INTO forums.Subscribe (user_id) VALUES ('40')
2014-04-13T15:09:58.598Z	Master(5129/C1N0)	SHOW DATABASES
2014-04-13T15:10:00.099Z	Master(5129/C1N0)	SELECT TABLE_NAME, TABLE_TYPE, ENGINE, VERSION, ROW_FORMAT, TABLE_ROWS, AVG_ROW_LENGTH, DATA_LENGTH, MAX_DATA_LENGTH, INDEX_LENGTH, DATA_FREE, AUTO_INCREMENT, CREATE_TIME, UPDATE_TIME, CHECK_TIME, TABLE_COLLATION, CHECKSUM, CREATE_OPTIONS, TABLE_COMMENT FROM information_schema.TABLES WHERE TABLE_SCHEMA = 'forums'
2014-04-13T15:10:02.793Z	Master(5129/C1N0)	SHOW FULL COLUMNS FROM forums.Subscribe
2014-04-13T15:10:03.523Z	Master(5129/C1N0)	SELECT * FROM forums.Subscribe
2014-04-13T18:32:14.696Z	Master(5630/C1N0)	SHOW FULL COLUMNS FROM forums.Thread
2014-04-13T18:32:15.557Z	Master(5630/C1N0)	SELECT * FROM forums.Thread
2014-04-13T18:40:25.353Z	Master(5630/C1N0)	SHOW FULL COLUMNS FROM forums.Threadrating
2014-04-13T18:40:26.056Z	Master(5630/C1N0)	SELECT * FROM forums.Threadrating
2014-04-13T18:40:29.433Z	Master(5630/C1N0)	SELECT * FROM forums.Threadrating WHERE id = '3'
2014-04-13T18:40:30.073Z	Master(5630/C1N0)	SELECT * FROM forums.Threadrating WHERE id = '3'
2014-04-13T18:40:31.180Z	Master(5630/C1N0)	SELECT * FROM forums.Threadrating WHERE id = '3' AND likes = '1'
2014-04-13T18:40:31.638Z	Master(5630/C1N0)	SELECT * FROM forums.Threadrating WHERE id = '3' AND likes = '1'
2014-04-13T18:40:31.906Z	Master(5630/C1N0)	SELECT * FROM forums.Threadrating WHERE id = '3' AND likes = '1' AND dislikes = '1'
2014-04-13T18:40:32.343Z	Master(5630/C1N0)	SELECT * FROM forums.Threadrating WHERE id = '3' AND likes = '1' AND dislikes = '1'
2014-04-13T18:40:33.218Z	Master(5630/C1N0)	SELECT * FROM forums.Threadrating WHERE id = '3' AND likes = '1' AND dislikes = '1' AND points = '0'
2014-04-13T18:40:34.308Z	Master(5630/C1N0)	SELECT * FROM forums.Threadrating WHERE id = '3' AND likes = '1' AND dislikes = '1' AND points = '0'
2014-04-13T18:40:37.727Z	Master(5630/C1N0)	SHOW FULL COLUMNS FROM forums.Threadrating
2014-04-13T18:40:37.813Z	Master(5630/C1N0)	INSERT INTO forums.Threadrating (id) VALUES ('3')
2014-04-13T18:40:37.936Z	Master(5630/C1N0)	SELECT * FROM forums.Threadrating WHERE id = '3' AND likes = '1' AND dislikes = '1' AND points = '0'
