2014-04-23T01:11:19.842Z	Master(19125/C1N0)	SHOW DATABASES
2014-04-23T01:11:21.378Z	Master(19125/C1N0)	SELECT TABLE_NAME, TABLE_TYPE, ENGINE, VERSION, ROW_FORMAT, TABLE_ROWS, AVG_ROW_LENGTH, DATA_LENGTH, MAX_DATA_LENGTH, INDEX_LENGTH, DATA_FREE, AUTO_INCREMENT, CREATE_TIME, UPDATE_TIME, CHECK_TIME, TABLE_COLLATION, CHECKSUM, CREATE_OPTIONS, TABLE_COMMENT FROM information_schema.TABLES WHERE TABLE_SCHEMA = 'forums'
2014-04-23T01:11:23.260Z	Master(19125/C1N0)	SHOW FULL COLUMNS FROM forums.Followers
2014-04-23T01:11:23.768Z	Master(19125/C1N0)	SELECT * FROM forums.Followers
2014-04-23T03:09:00.264Z	Master(19125/C1N0)	SHOW DATABASES
2014-04-23T03:09:01.306Z	Master(19125/C1N0)	SELECT TABLE_NAME, TABLE_TYPE, ENGINE, VERSION, ROW_FORMAT, TABLE_ROWS, AVG_ROW_LENGTH, DATA_LENGTH, MAX_DATA_LENGTH, INDEX_LENGTH, DATA_FREE, AUTO_INCREMENT, CREATE_TIME, UPDATE_TIME, CHECK_TIME, TABLE_COLLATION, CHECKSUM, CREATE_OPTIONS, TABLE_COMMENT FROM information_schema.TABLES WHERE TABLE_SCHEMA = 'forums'
2014-04-23T03:09:02.670Z	Master(19125/C1N0)	SHOW FULL COLUMNS FROM forums.Followers
2014-04-23T03:09:04.432Z	Master(19125/C1N0)	SELECT * FROM forums.Followers
2014-04-23T03:09:05.847Z	Master(19125/C1N0)	SHOW FULL COLUMNS FROM forums.Forum
2014-04-23T03:09:06.356Z	Master(19125/C1N0)	SELECT * FROM forums.Forum
2014-04-23T03:09:09.708Z	Master(19125/C1N0)	SHOW FULL COLUMNS FROM forums.Subscribe
2014-04-23T03:09:09.969Z	Master(19125/C1N0)	SELECT * FROM forums.Subscribe
2014-04-23T03:10:45.798Z	Master(19125/C1N0)	SHOW FULL COLUMNS FROM forums.Followers
2014-04-23T03:10:46.882Z	Master(19125/C1N0)	SELECT * FROM forums.Followers
2014-04-23T03:10:48.085Z	Master(19125/C1N0)	SHOW FULL COLUMNS FROM forums.Forum
2014-04-23T03:10:48.354Z	Master(19125/C1N0)	SELECT * FROM forums.Forum
2014-04-23T03:10:49.063Z	Master(19125/C1N0)	SHOW FULL COLUMNS FROM forums.Post
2014-04-23T03:10:49.418Z	Master(19125/C1N0)	SELECT * FROM forums.Post
2014-04-23T03:10:50.031Z	Master(19125/C1N0)	SHOW FULL COLUMNS FROM forums.Postrating
2014-04-23T03:10:50.306Z	Master(19125/C1N0)	SELECT * FROM forums.Postrating
2014-04-23T03:10:51.251Z	Master(19125/C1N0)	SHOW FULL COLUMNS FROM forums.Subscribe
2014-04-23T03:10:51.511Z	Master(19125/C1N0)	SELECT * FROM forums.Subscribe
2014-04-23T03:10:52.060Z	Master(19125/C1N0)	SHOW FULL COLUMNS FROM forums.Thread
2014-04-23T03:10:52.397Z	Master(19125/C1N0)	SELECT * FROM forums.Thread
2014-04-23T03:10:52.877Z	Master(19125/C1N0)	SHOW FULL COLUMNS FROM forums.Threadrating
2014-04-23T03:10:53.216Z	Master(19125/C1N0)	SELECT * FROM forums.Threadrating
2014-04-23T03:10:53.744Z	Master(19125/C1N0)	SHOW FULL COLUMNS FROM forums.User
2014-04-23T03:10:53.981Z	Master(19125/C1N0)	SELECT * FROM forums.User
2014-04-23T03:10:55.281Z	Master(19125/C1N0)	SHOW FULL COLUMNS FROM forums.Followers
2014-04-23T03:10:55.393Z	Master(19125/C1N0)	SELECT * FROM forums.Followers
2014-04-23T03:11:12.698Z	Master(19125/C1N0)	SHOW FULL COLUMNS FROM forums.User
2014-04-23T03:11:12.937Z	Master(19125/C1N0)	SELECT * FROM forums.User
2014-04-23T09:08:21.124Z	Master(20850/C1N0)	SHOW DATABASES
2014-04-23T09:08:22.367Z	Master(20850/C1N0)	SELECT TABLE_NAME, TABLE_TYPE, ENGINE, VERSION, ROW_FORMAT, TABLE_ROWS, AVG_ROW_LENGTH, DATA_LENGTH, MAX_DATA_LENGTH, INDEX_LENGTH, DATA_FREE, AUTO_INCREMENT, CREATE_TIME, UPDATE_TIME, CHECK_TIME, TABLE_COLLATION, CHECKSUM, CREATE_OPTIONS, TABLE_COMMENT FROM information_schema.TABLES WHERE TABLE_SCHEMA = 'forums'
2014-04-23T09:08:24.249Z	Master(20850/C1N0)	SHOW FULL COLUMNS FROM forums.Forum
2014-04-23T09:08:25.441Z	Master(20850/C1N0)	SELECT * FROM forums.Forum
