2014-04-20T07:05:40.724Z	Master(10432/C1N0)	SELECT * FROM User WHERE email='john666@mail.ru'
2014-04-20T07:05:40.821Z	Master(10432/C1N0)	SELECT thread_id FROM Subscribe                 WHERE user_id=2
2014-04-20T07:05:40.850Z	Master(10432/C1N0)	SELECT email FROM User INNER JOIN Followers ON                 User.id=Followers.target_id WHERE follower_id=2
2014-04-20T07:05:40.874Z	Master(10432/C1N0)	SELECT * FROM User INNER JOIN Followers ON                 User.id=Followers.follower_id WHERE target_id=2" ORDER BY date asc LIMIT 2
2014-04-20T07:07:59.814Z	Master(10432/C1N0)	SELECT * FROM User WHERE email='john666@mail.ru'
2014-04-20T07:07:59.823Z	Master(10432/C1N0)	SELECT thread_id FROM Subscribe                 WHERE user_id=2
2014-04-20T07:07:59.826Z	Master(10432/C1N0)	SELECT email FROM User INNER JOIN Followers ON                 User.id=Followers.target_id WHERE follower_id=2
2014-04-20T07:07:59.847Z	Master(10432/C1N0)	
2014-04-20T07:09:51.014Z	Master(10432/C1N0)	SELECT * FROM User WHERE email='john666@mail.ru'
2014-04-20T07:09:51.030Z	Master(10432/C1N0)	SELECT thread_id FROM Subscribe                 WHERE user_id=2
2014-04-20T07:09:51.038Z	Master(10432/C1N0)	SELECT email FROM User INNER JOIN Followers ON                 User.id=Followers.target_id WHERE follower_id=2
2014-04-20T07:09:51.079Z	Master(10432/C1N0)	
2014-04-20T07:23:07.034Z	Master(10750/C1N0)	SELECT * FROM User WHERE email='john666@mail.ru'
2014-04-20T07:23:07.074Z	Master(10750/C1N0)	SELECT thread_id FROM Subscribe                 WHERE user_id=2
2014-04-20T07:23:07.081Z	Master(10750/C1N0)	SELECT email FROM User INNER JOIN Followers ON                 User.id=Followers.target_id WHERE follower_id=2
2014-04-20T07:23:07.085Z	Master(10750/C1N0)	SELECT email FROM User INNER JOIN Followers ON                 User.id=Followers.follower_id WHERE target_id=2
2014-04-20T07:49:54.648Z	Master(12238/C1N0)	SELECT * FROM User WHERE email='john666@mail.ru'
2014-04-20T07:49:54.685Z	Master(12238/C1N0)	SELECT thread_id FROM Subscribe                 WHERE user_id=2
2014-04-20T07:49:54.714Z	Master(12238/C1N0)	SELECT email FROM User INNER JOIN Followers ON                 User.id=Followers.target_id WHERE follower_id=2
2014-04-20T07:49:54.718Z	Master(12238/C1N0)	SELECT email FROM User INNER JOIN Followers ON                 User.id=Followers.follower_id WHERE target_id=2
2014-04-20T15:06:51.706Z	Master(12996/C1N0)	SHOW DATABASES
2014-04-20T15:06:53.198Z	Master(12996/C1N0)	SELECT TABLE_NAME, TABLE_TYPE, ENGINE, VERSION, ROW_FORMAT, TABLE_ROWS, AVG_ROW_LENGTH, DATA_LENGTH, MAX_DATA_LENGTH, INDEX_LENGTH, DATA_FREE, AUTO_INCREMENT, CREATE_TIME, UPDATE_TIME, CHECK_TIME, TABLE_COLLATION, CHECKSUM, CREATE_OPTIONS, TABLE_COMMENT FROM information_schema.TABLES WHERE TABLE_SCHEMA = 'forums'
2014-04-20T15:06:55.077Z	Master(12996/C1N0)	SHOW FULL COLUMNS FROM forums.Post
2014-04-20T15:06:55.837Z	Master(12996/C1N0)	SELECT * FROM forums.Post
2014-04-20T18:26:21.119Z	Master(13920/C1N0)	SHOW FULL COLUMNS FROM forums.Thread
2014-04-20T18:26:21.511Z	Master(13920/C1N0)	SELECT * FROM forums.Thread
