2014-04-09T12:49:03.912Z	Master(7733/C1N0)	SHOW DATABASES
2014-04-09T12:49:05.760Z	Master(7733/C1N0)	SELECT TABLE_NAME, TABLE_TYPE, ENGINE, VERSION, ROW_FORMAT, TABLE_ROWS, AVG_ROW_LENGTH, DATA_LENGTH, MAX_DATA_LENGTH, INDEX_LENGTH, DATA_FREE, AUTO_INCREMENT, CREATE_TIME, UPDATE_TIME, CHECK_TIME, TABLE_COLLATION, CHECKSUM, CREATE_OPTIONS, TABLE_COMMENT FROM information_schema.TABLES WHERE TABLE_SCHEMA = 'forums'
2014-04-09T12:49:07.869Z	Master(7733/C1N0)	SHOW FULL COLUMNS FROM forums.Followers
2014-04-09T12:49:08.326Z	Master(7733/C1N0)	SELECT * FROM forums.Followers
2014-04-09T12:49:09.241Z	Master(7733/C1N0)	SHOW FULL COLUMNS FROM forums.Forum
2014-04-09T12:49:09.601Z	Master(7733/C1N0)	SELECT * FROM forums.Forum
2014-04-09T12:49:12.199Z	Master(7733/C1N0)	SHOW FULL COLUMNS FROM forums.Post
2014-04-09T12:49:12.538Z	Master(7733/C1N0)	SELECT * FROM forums.Post
2014-04-09T12:49:13.578Z	Master(7733/C1N0)	SHOW FULL COLUMNS FROM forums.Postrating
2014-04-09T12:49:13.868Z	Master(7733/C1N0)	SELECT * FROM forums.Postrating
2014-04-09T12:49:15.025Z	Master(7733/C1N0)	SHOW FULL COLUMNS FROM forums.Subscribe
2014-04-09T12:49:15.351Z	Master(7733/C1N0)	SELECT * FROM forums.Subscribe
2014-04-09T12:49:16.340Z	Master(7733/C1N0)	SHOW FULL COLUMNS FROM forums.Thread
2014-04-09T12:49:16.799Z	Master(7733/C1N0)	SELECT * FROM forums.Thread
2014-04-09T12:49:19.532Z	Master(7733/C1N0)	SHOW FULL COLUMNS FROM forums.Threadrating
2014-04-09T12:49:19.883Z	Master(7733/C1N0)	SELECT * FROM forums.Threadrating
2014-04-09T12:49:21.129Z	Master(7733/C1N0)	SHOW FULL COLUMNS FROM forums.User
2014-04-09T12:49:21.442Z	Master(7733/C1N0)	SELECT * FROM forums.User
2014-04-09T12:52:30.879Z	Master(7733/C1N0)	SHOW DATABASES
2014-04-09T12:52:36.321Z	Master(7733/C1N0)	SHOW DATABASES
2014-04-09T12:52:37.651Z	Master(7733/C1N0)	SELECT TABLE_NAME, TABLE_TYPE, ENGINE, VERSION, ROW_FORMAT, TABLE_ROWS, AVG_ROW_LENGTH, DATA_LENGTH, MAX_DATA_LENGTH, INDEX_LENGTH, DATA_FREE, AUTO_INCREMENT, CREATE_TIME, UPDATE_TIME, CHECK_TIME, TABLE_COLLATION, CHECKSUM, CREATE_OPTIONS, TABLE_COMMENT FROM information_schema.TABLES WHERE TABLE_SCHEMA = 'forums'
2014-04-09T12:52:39.335Z	Master(7733/C1N0)	SHOW FULL COLUMNS FROM forums.User
2014-04-09T12:52:39.892Z	Master(7733/C1N0)	SELECT * FROM forums.User
