2014-04-01T07:01:54.294Z	Master(7335/C1N0)	SHOW DATABASES
2014-04-01T07:01:56.621Z	Master(7335/C1N0)	SELECT TABLE_NAME, TABLE_TYPE, ENGINE, VERSION, ROW_FORMAT, TABLE_ROWS, AVG_ROW_LENGTH, DATA_LENGTH, MAX_DATA_LENGTH, INDEX_LENGTH, DATA_FREE, AUTO_INCREMENT, CREATE_TIME, UPDATE_TIME, CHECK_TIME, TABLE_COLLATION, CHECKSUM, CREATE_OPTIONS, TABLE_COMMENT FROM information_schema.TABLES WHERE TABLE_SCHEMA = 'ask_shamsheev'
2014-04-01T07:01:58.086Z	Master(7335/C1N0)	SHOW FULL COLUMNS FROM ask_shamsheev.ask_answer
2014-04-01T07:02:12.414Z	Master(7335/C1N0)	SELECT * FROM ask_shamsheev.ask_answer
2014-04-01T07:02:22.857Z	Master(7335/C1N0)	SHOW FULL COLUMNS FROM ask_shamsheev.ask_answer
2014-04-01T07:02:38.592Z	Master(7335/C1N0)	SELECT * FROM ask_shamsheev.ask_answer
2014-04-01T07:22:30.695Z	Master(7335/C1N0)	SHOW DATABASES
2014-04-01T09:57:54.212Z	Master(7891/C1N0)	SHOW DATABASES
2014-04-01T09:58:49.643Z	Master(7917/C1N0)	SHOW DATABASES
2014-04-01T10:03:44.827Z	Master(7968/C1N0)	SHOW DATABASES
2014-04-01T10:03:47.343Z	Master(7968/C1N0)	SELECT TABLE_NAME, TABLE_TYPE, ENGINE, VERSION, ROW_FORMAT, TABLE_ROWS, AVG_ROW_LENGTH, DATA_LENGTH, MAX_DATA_LENGTH, INDEX_LENGTH, DATA_FREE, AUTO_INCREMENT, CREATE_TIME, UPDATE_TIME, CHECK_TIME, TABLE_COLLATION, CHECKSUM, CREATE_OPTIONS, TABLE_COMMENT FROM information_schema.TABLES WHERE TABLE_SCHEMA = 'impress'
2014-04-01T10:03:49.223Z	Master(7968/C1N0)	SHOW FULL COLUMNS FROM impress.impress
2014-04-01T10:03:49.802Z	Master(7968/C1N0)	SELECT * FROM impress.impress
2014-04-01T10:04:41.445Z	Master(7968/C1N0)	describe impress;
2014-04-01T10:05:16.574Z	Master(7968/C1N0)	SELECT MAX(id) FROM impress;
2014-04-01T10:05:27.797Z	Master(7968/C1N0)	SELECT TABLE_NAME, TABLE_TYPE, ENGINE, VERSION, ROW_FORMAT, TABLE_ROWS, AVG_ROW_LENGTH, DATA_LENGTH, MAX_DATA_LENGTH, INDEX_LENGTH, DATA_FREE, AUTO_INCREMENT, CREATE_TIME, UPDATE_TIME, CHECK_TIME, TABLE_COLLATION, CHECKSUM, CREATE_OPTIONS, TABLE_COMMENT FROM information_schema.TABLES WHERE TABLE_SCHEMA = 'ask_shamsheev'
2014-04-01T10:05:31.891Z	Master(7968/C1N0)	SELECT TABLE_NAME, TABLE_TYPE, ENGINE, VERSION, ROW_FORMAT, TABLE_ROWS, AVG_ROW_LENGTH, DATA_LENGTH, MAX_DATA_LENGTH, INDEX_LENGTH, DATA_FREE, AUTO_INCREMENT, CREATE_TIME, UPDATE_TIME, CHECK_TIME, TABLE_COLLATION, CHECKSUM, CREATE_OPTIONS, TABLE_COMMENT FROM information_schema.TABLES WHERE TABLE_SCHEMA = 'rkk'
2014-04-01T10:05:33.112Z	Master(7968/C1N0)	SHOW FULL COLUMNS FROM rkk.Movie
2014-04-01T10:05:33.440Z	Master(7968/C1N0)	SELECT * FROM rkk.Movie
2014-04-01T10:05:40.919Z	Master(7968/C1N0)	SELECT MAX(id) FROM impress;
2014-04-01T10:06:01.900Z	Master(7968/C1N0)	SHOW FULL COLUMNS FROM rkk.Rating
2014-04-01T10:06:02.400Z	Master(7968/C1N0)	SELECT * FROM rkk.Rating
2014-04-01T10:06:25.064Z	Master(7968/C1N0)	SELECT * FROM Movie;
2014-04-01T10:06:55.371Z	Master(7968/C1N0)	use rkk;

2014-04-01T10:07:07.040Z	Master(7968/C1N0)	SELECT TABLE_NAME, TABLE_TYPE, ENGINE, VERSION, ROW_FORMAT, TABLE_ROWS, AVG_ROW_LENGTH, DATA_LENGTH, MAX_DATA_LENGTH, INDEX_LENGTH, DATA_FREE, AUTO_INCREMENT, CREATE_TIME, UPDATE_TIME, CHECK_TIME, TABLE_COLLATION, CHECKSUM, CREATE_OPTIONS, TABLE_COMMENT FROM information_schema.TABLES WHERE TABLE_SCHEMA = 'performance_schema'
2014-04-01T10:07:10.144Z	Master(7968/C1N0)	SHOW FULL COLUMNS FROM performance_schema.accounts
2014-04-01T10:07:10.565Z	Master(7968/C1N0)	SELECT * FROM performance_schema.accounts
2014-04-01T10:07:27.655Z	Master(7968/C1N0)	use rkk;

2014-04-01T10:08:26.085Z	Master(7968/C1N0)	SELECT * FROM users;

2014-04-01T10:09:10.415Z	Master(7968/C1N0)	SELECT * FROM perfomance_schema.users;

2014-04-01T10:09:44.782Z	Master(7968/C1N0)	SELECT TABLE_NAME, TABLE_TYPE, ENGINE, VERSION, ROW_FORMAT, TABLE_ROWS, AVG_ROW_LENGTH, DATA_LENGTH, MAX_DATA_LENGTH, INDEX_LENGTH, DATA_FREE, AUTO_INCREMENT, CREATE_TIME, UPDATE_TIME, CHECK_TIME, TABLE_COLLATION, CHECKSUM, CREATE_OPTIONS, TABLE_COMMENT FROM information_schema.TABLES WHERE TABLE_SCHEMA = 'mydb'
2014-04-01T10:09:50.628Z	Master(7968/C1N0)	SHOW FULL COLUMNS FROM rkk.Rating
2014-04-01T10:09:51.075Z	Master(7968/C1N0)	SELECT * FROM rkk.Rating
2014-04-01T10:10:18.932Z	Master(7968/C1N0)	SELECT MAX (rID) FROM Rating;

2014-04-01T10:11:12.554Z	Master(7968/C1N0)	SELECT MAX (rID) FROM Rating;

2014-04-01T11:18:10.674Z	Master(9219/C1N0)	SHOW DATABASES
2014-04-01T11:18:16.184Z	Master(9219/C1N0)	SELECT TABLE_NAME, TABLE_TYPE, ENGINE, VERSION, ROW_FORMAT, TABLE_ROWS, AVG_ROW_LENGTH, DATA_LENGTH, MAX_DATA_LENGTH, INDEX_LENGTH, DATA_FREE, AUTO_INCREMENT, CREATE_TIME, UPDATE_TIME, CHECK_TIME, TABLE_COLLATION, CHECKSUM, CREATE_OPTIONS, TABLE_COMMENT FROM information_schema.TABLES WHERE TABLE_SCHEMA = 'ask_shamsheev'
2014-04-01T11:18:19.936Z	Master(9219/C1N0)	SHOW FULL COLUMNS FROM ask_shamsheev.ask_likes
2014-04-01T11:18:20.882Z	Master(9219/C1N0)	SELECT * FROM ask_shamsheev.ask_likes
2014-04-01T11:20:44.180Z	Master(9219/C1N0)	SHOW DATABASES
2014-04-01T11:33:26.650Z	Master(9514/C1N0)	SHOW DATABASES
2014-04-01T11:36:13.279Z	Master(9514/C1N0)	SHOW DATABASES
2014-04-01T11:37:58.829Z	Master(9514/C1N0)	SHOW DATABASES
2014-04-01T12:33:17.451Z	Master(9861/C1N0)	SHOW DATABASES
2014-04-01T12:33:33.006Z	Master(9861/C1N0)	SELECT TABLE_NAME, TABLE_TYPE, ENGINE, VERSION, ROW_FORMAT, TABLE_ROWS, AVG_ROW_LENGTH, DATA_LENGTH, MAX_DATA_LENGTH, INDEX_LENGTH, DATA_FREE, AUTO_INCREMENT, CREATE_TIME, UPDATE_TIME, CHECK_TIME, TABLE_COLLATION, CHECKSUM, CREATE_OPTIONS, TABLE_COMMENT FROM information_schema.TABLES WHERE TABLE_SCHEMA = 'ask_shamsheev'
2014-04-01T12:33:42.247Z	Master(9861/C1N0)	SHOW FULL COLUMNS FROM ask_shamsheev.ask_likes
2014-04-01T12:33:43.169Z	Master(9861/C1N0)	SELECT * FROM ask_shamsheev.ask_likes
2014-04-01T19:42:47.495Z	Master(11503/C1N0)	SHOW DATABASES
